This is pdfeTeXk, Version 3.141592-1.11a-2.1 (Web2c 7.5.2) (format=pdflatex_ml 2004.5.10)  11 JUN 2015 13:53
 %&-line parsing enabled.
 (c:\swp55\TCITeX/web2c/cp8bit.tcx)
**&pdflatex_ml C:/swp55/temp/swp0000.tex
(c:/swp55/temp/swp0000.tex{c:\swp55\TCITeX/pdftex/config/pdftex.cfg}
LaTeX2e <2003/12/01>
Babel <v3.8a> and hyphenation patterns for american, english, french, german, n
german, loaded.
(c:\swp55\TCITeX/tex/latex/base/article.cls
Document Class: article 2004/02/16 v1.4f Standard LaTeX document class
(c:\swp55\TCITeX/tex/latex/base/size10.clo
File: size10.clo 2004/02/16 v1.4f Standard LaTeX file (size option)
)
\c@part=\count79
\c@section=\count80
\c@subsection=\count81
\c@subsubsection=\count82
\c@paragraph=\count83
\c@subparagraph=\count84
\c@figure=\count85
\c@table=\count86
\abovecaptionskip=\skip41
\belowcaptionskip=\skip42
\bibindent=\dimen102
)
(c:\swp55\TCITeX/tex/latex/amsfonts/amsfonts.sty
Package: amsfonts 2001/10/25 v2.2f
\@emptytoks=\toks14
\symAMSa=\mathgroup4
\symAMSb=\mathgroup5
LaTeX Font Info:    Overwriting math alphabet `\mathfrak' in version `bold'
(Font)                  U/euf/m/n --> U/euf/b/n on input line 132.
)
(c:\swp55\TCITeX/tex/latex/amsmath/amsmath.sty
Package: amsmath 2000/07/18 v2.13 AMS math features
\@mathmargin=\skip43

For additional information on amsmath, use the `?' option.
(c:\swp55\TCITeX/tex/latex/amsmath/amstext.sty
Package: amstext 2000/06/29 v2.01

(c:\swp55\TCITeX/tex/latex/amsmath/amsgen.sty
File: amsgen.sty 1999/11/30 v2.0
\@emptytoks=\toks15
\ex@=\dimen103
))
(c:\swp55\TCITeX/tex/latex/amsmath/amsbsy.sty
Package: amsbsy 1999/11/29 v1.2d
\pmbraise@=\dimen104
)
(c:\swp55\TCITeX/tex/latex/amsmath/amsopn.sty
Package: amsopn 1999/12/14 v2.01 operator names
)
\inf@bad=\count87
LaTeX Info: Redefining \frac on input line 211.
\uproot@=\count88
\leftroot@=\count89
LaTeX Info: Redefining \overline on input line 307.
\classnum@=\count90
\DOTSCASE@=\count91
LaTeX Info: Redefining \ldots on input line 379.
LaTeX Info: Redefining \dots on input line 382.
LaTeX Info: Redefining \cdots on input line 467.
\Mathstrutbox@=\box26
\strutbox@=\box27
\big@size=\dimen105
LaTeX Font Info:    Redeclaring font encoding OML on input line 567.
LaTeX Font Info:    Redeclaring font encoding OMS on input line 568.
\macc@depth=\count92
\c@MaxMatrixCols=\count93
\dotsspace@=\muskip10
\c@parentequation=\count94
\dspbrk@lvl=\count95
\tag@help=\toks16
\row@=\count96
\column@=\count97
\maxfields@=\count98
\andhelp@=\toks17
\eqnshift@=\dimen106
\alignsep@=\dimen107
\tagshift@=\dimen108
\tagwidth@=\dimen109
\totwidth@=\dimen110
\lineht@=\dimen111
\@envbody=\toks18
\multlinegap=\skip44
\multlinetaggap=\skip45
\mathdisplay@stack=\toks19
LaTeX Info: Redefining \[ on input line 2666.
LaTeX Info: Redefining \] on input line 2667.
)
\c@theorem=\count99

(c:\swp55\TCITeX/tex/latex/SWmacros/tcilatex.tex
TCILATEX Macros for Scientific Word and Scientific WorkPlace 5.5 <06 Oct 2005>.

NOTICE: This macro file is NOT proprietary and may be freely copied and distrib
uted.
\msipdfoutput=\count100
\@hour=\count101
\@minute=\count102
\GRAPHICSTYPE=\count103
\@msidraft=\count104
\dispkind=\count105
\c@chapter=\count106
\theight=\dimen112
LaTeX Info: Redefining \rm on input line 653.
LaTeX Info: Redefining \sf on input line 654.
LaTeX Info: Redefining \tt on input line 655.
LaTeX Info: Redefining \bf on input line 656.
LaTeX Info: Redefining \it on input line 657.
LaTeX Info: Redefining \sl on input line 658.
LaTeX Info: Redefining \sc on input line 659.
\c@equationnumber=\count107
\temptoksa=\toks20
\temptoksb=\toks21
\temptoksc=\toks22
) (./swp0000.aux)
\openout1 = `swp0000.aux'.

LaTeX Font Info:    Checking defaults for OML/cmm/m/it on input line 56.
LaTeX Font Info:    ... okay on input line 56.
LaTeX Font Info:    Checking defaults for T1/cmr/m/n on input line 56.
LaTeX Font Info:    ... okay on input line 56.
LaTeX Font Info:    Checking defaults for OT1/cmr/m/n on input line 56.
LaTeX Font Info:    ... okay on input line 56.
LaTeX Font Info:    Checking defaults for OMS/cmsy/m/n on input line 56.
LaTeX Font Info:    ... okay on input line 56.
LaTeX Font Info:    Checking defaults for OMX/cmex/m/n on input line 56.
LaTeX Font Info:    ... okay on input line 56.
LaTeX Font Info:    Checking defaults for U/cmr/m/n on input line 56.
LaTeX Font Info:    ... okay on input line 56.
LaTeX Font Info:    Try loading font information for U+msa on input line 60.
 (c:\swp55\TCITeX/tex/latex/amsfonts/umsa.fd
File: umsa.fd 2002/01/19 v2.2g AMS font definitions
)
LaTeX Font Info:    Try loading font information for U+msb on input line 60.

(c:\swp55\TCITeX/tex/latex/amsfonts/umsb.fd
File: umsb.fd 2002/01/19 v2.2g AMS font definitions
)
Overfull \hbox (58.18315pt too wide) in alignment at lines 112--154
 [][][] []
 []

[1

{c:\swp55\TCITeX/pdftex/config/TrueTeX.map}{c:\swp55\TCITeX/pdftex/config/WinFo
nts.map}{c:\swp55\TCITeX/pdftex/config/msi.map}] [2] [3] [4] [5]
Overfull \hbox (81.93881pt too wide) in alignment at lines 482--501
 [][][] []
 []

[6] [7] [8]
Overfull \hbox (16.33937pt too wide) in alignment at lines 780--797
 [][][] []
 []

[9] [10] [11] [12] [13] [14]
Overfull \hbox (21.71008pt too wide) in paragraph at lines 1247--1250
[]/dcr10/Next, we con-sider the state vari-able $/cmmi10/v[]$/dcr10/. From $/cm
mi10/dv[] /cmr10/= [][] [] /cmmi10/dt /cmr10/+ [][][] []$/dcr10/,
 []

[15] [16] (./swp0000.aux) ) 
Here is how much of TeX's memory you used:
 1243 strings out of 95282
 12983 string characters out of 1187734
 78984 words of memory out of 1516134
 4288 multiletter control sequences out of 10000+50000
 22690 words of font info for 65 fonts, out of 1000000 for 2000
 22 hyphenation exceptions out of 1000
 27i,20n,22p,293b,246s stack positions out of 5000i,500n,6000p,200000b,40000s
 99 PDF objects out of 300000
 0 named destinations out of 131072
 1 words of extra memory for PDF output out of 65536
{c:\swp55\TCITeX/fonts/type1/dcti10.enc}<c:\swp55\TC
ITeX/fonts/truetype/dcti10.ttf>{c:\swp55\TCITeX/fonts/type1/msbm10.enc}<c:\swp5
5\TCITeX/fonts/truetype/msbm10.ttf>{c:\swp55\TCITeX/fonts/type1/cmr5.enc}<c:\sw
p55\TCITeX/fonts/truetype/cmr5.ttf>{c:\swp55\TCITeX/fonts/type1/cmex7.enc}<c:\s
wp55\TCITeX/fonts/truetype/cmex7.ttf>{c:\swp55\TCITeX/fonts/type1/msbm7.enc}<c:
\swp55\TCITeX/fonts/truetype/msbm7.ttf>{c:\swp55\TCITeX/fonts/type1/cmmi5.enc}<
c:\swp55\TCITeX/fonts/truetype/cmmi5.ttf>{c:\swp55\TCITeX/fonts/type1/cmsy5.enc
}<c:\swp55\TCITeX/fonts/truetype/cmsy5.ttf>{c:\swp55\TCITeX/fonts/type1/cmex10.
enc}<c:\swp55\TCITeX/fonts/truetype/cmex10.ttf>{c:\swp55\TCITeX/fonts/type1/cms
y10.enc}<c:\swp55\TCITeX/fonts/truetype/cmsy10.ttf>{c:\swp55\TCITeX/fonts/type1
/cmsy7.enc}<c:\swp55\TCITeX/fonts/truetype/cmsy7.ttf>{c:\swp55\TCITeX/fonts/typ
e1/cmr7.enc}<c:\swp55\TCITeX/fonts/truetype/cmr7.ttf>{c:\swp55\TCITeX/fonts/typ
e1/cmr10.enc}<c:\swp55\TCITeX/fonts/truetype/cmr10.ttf>{c:\swp55\TCITeX/fonts/t
ype1/cmmi7.enc}<c:\swp55\TCITeX/fonts/truetype/cmmi7.ttf>{c:\swp55\TCITeX/fonts
/type1/cmmi10.enc}<c:\swp55\TCITeX/fonts/truetype/cmmi10.ttf>{c:\swp55\TCITeX/f
onts/type1/dcbx10.enc}<c:\swp55\TCITeX/fonts/truetype/dcbx10.ttf>{c:\swp55\TCIT
eX/fonts/type1/dcr10.enc}<c:\swp55\TCITeX/fonts/truetype/dcr10.ttf>
Output written on swp0000.pdf (16 pages, 159521 bytes).
